<?xml version="1.0" encoding="UTF-8"?>
<!-- Generated by org.testng.reporters.JUnitReportReporter -->
<testsuite skipped="0" hostname="PDCLT0129VXLQ2" name="demoazure.Selenium" tests="1" failures="0" timestamp="21 Jan 2020 05:41:30 GMT" time="0.020" errors="0">
  <testcase name="test1" time="0.020" classname="demoazure.Selenium"/>
</testsuite> <!-- demoazure.Selenium -->
